<?xml version="1.0" encoding="UTF-8"?>
<!-- Generated by org.testng.reporters.JUnitXMLReporter -->
<testsuite hostname="system8-PC" ignored="0" name="Groups" tests="21" failures="1" timestamp="26 Sep 2018 08:52:23 GMT" time="21.133" errors="0">
  <testcase name="@AfterMethod closeapp" time="0.001" classname="Orangehrm.Ornagehrm.Admin">
    <failure type="java.lang.NullPointerException">
      <![CDATA[java.lang.NullPointerException
at Orangehrm.Ornagehrm.Admin.closeapp(Admin.java:31)
... Removed 28 stack frames]]>
    </failure>
  </testcase> <!-- @AfterMethod closeapp -->
  <testcase name="@BeforeMethod login" time="0.0" classname="Orangehrm.Ornagehrm.Admin">
    <skipped/>
  </testcase> <!-- @BeforeMethod login -->
  <testcase name="@AfterMethod closeapp" time="0.0" classname="Orangehrm.Ornagehrm.Admin">
    <skipped/>
  </testcase> <!-- @AfterMethod closeapp -->
  <testcase name="@BeforeMethod login" time="0.0" classname="Orangehrm.Ornagehrm.Admin">
    <skipped/>
  </testcase> <!-- @BeforeMethod login -->
  <testcase name="@AfterMethod closeapp" time="0.0" classname="Orangehrm.Ornagehrm.Admin">
    <skipped/>
  </testcase> <!-- @AfterMethod closeapp -->
  <testcase name="@BeforeMethod login" time="0.0" classname="Orangehrm.Ornagehrm.Admin">
    <skipped/>
  </testcase> <!-- @BeforeMethod login -->
  <testcase name="@AfterMethod closeapp" time="0.0" classname="Orangehrm.Ornagehrm.Admin">
    <skipped/>
  </testcase> <!-- @AfterMethod closeapp -->
  <testcase name="@BeforeMethod login" time="0.0" classname="Orangehrm.Ornagehrm.Admin">
    <skipped/>
  </testcase> <!-- @BeforeMethod login -->
  <testcase name="@AfterMethod closeapp" time="0.0" classname="Orangehrm.Ornagehrm.Admin">
    <skipped/>
  </testcase> <!-- @AfterMethod closeapp -->
  <testcase name="@BeforeMethod login" time="0.0" classname="Orangehrm.Ornagehrm.Admin">
    <skipped/>
  </testcase> <!-- @BeforeMethod login -->
  <testcase name="@AfterMethod closeapp" time="0.0" classname="Orangehrm.Ornagehrm.Admin">
    <skipped/>
  </testcase> <!-- @AfterMethod closeapp -->
  <testcase name="@BeforeMethod login" time="0.0" classname="Orangehrm.Ornagehrm.Admin">
    <skipped/>
  </testcase> <!-- @BeforeMethod login -->
  <testcase name="@AfterMethod closeapp" time="0.0" classname="Orangehrm.Ornagehrm.Admin">
    <skipped/>
  </testcase> <!-- @AfterMethod closeapp -->
  <testcase name="@BeforeMethod login" time="0.0" classname="Orangehrm.Ornagehrm.Admin">
    <skipped/>
  </testcase> <!-- @BeforeMethod login -->
  <testcase name="@AfterMethod closeapp" time="0.0" classname="Orangehrm.Ornagehrm.Admin">
    <skipped/>
  </testcase> <!-- @AfterMethod closeapp -->
  <testcase name="@BeforeMethod login" time="0.0" classname="Orangehrm.Ornagehrm.Admin">
    <skipped/>
  </testcase> <!-- @BeforeMethod login -->
  <testcase name="@AfterMethod closeapp" time="0.0" classname="Orangehrm.Ornagehrm.Admin">
    <skipped/>
  </testcase> <!-- @AfterMethod closeapp -->
  <testcase name="@BeforeMethod login" time="0.0" classname="Orangehrm.Ornagehrm.Admin">
    <skipped/>
  </testcase> <!-- @BeforeMethod login -->
  <testcase name="@AfterMethod closeapp" time="0.0" classname="Orangehrm.Ornagehrm.Admin">
    <skipped/>
  </testcase> <!-- @AfterMethod closeapp -->
  <testcase name="@BeforeMethod login" time="0.0" classname="Orangehrm.Ornagehrm.Admin">
    <skipped/>
  </testcase> <!-- @BeforeMethod login -->
  <testcase name="@AfterMethod closeapp" time="0.0" classname="Orangehrm.Ornagehrm.Admin">
    <skipped/>
  </testcase> <!-- @AfterMethod closeapp -->
  <testcase name="@BeforeMethod login" time="0.0" classname="Orangehrm.Ornagehrm.Admin">
    <skipped/>
  </testcase> <!-- @BeforeMethod login -->
  <testcase name="@AfterMethod closeapp" time="0.0" classname="Orangehrm.Ornagehrm.Admin">
    <skipped/>
  </testcase> <!-- @AfterMethod closeapp -->
  <testcase name="@BeforeMethod login" time="0.0" classname="Orangehrm.Ornagehrm.Admin">
    <skipped/>
  </testcase> <!-- @BeforeMethod login -->
  <testcase name="@AfterMethod closeapp" time="0.0" classname="Orangehrm.Ornagehrm.Admin">
    <skipped/>
  </testcase> <!-- @AfterMethod closeapp -->
  <testcase name="@BeforeMethod login" time="0.0" classname="Orangehrm.Ornagehrm.Admin">
    <skipped/>
  </testcase> <!-- @BeforeMethod login -->
  <testcase name="@AfterMethod closeapp" time="0.0" classname="Orangehrm.Ornagehrm.Admin">
    <skipped/>
  </testcase> <!-- @AfterMethod closeapp -->
  <testcase name="@BeforeMethod login" time="0.0" classname="Orangehrm.Ornagehrm.Admin">
    <skipped/>
  </testcase> <!-- @BeforeMethod login -->
  <testcase name="@AfterMethod closeapp" time="0.0" classname="Orangehrm.Ornagehrm.Admin">
    <skipped/>
  </testcase> <!-- @AfterMethod closeapp -->
  <testcase name="@BeforeMethod login" time="0.0" classname="Orangehrm.Ornagehrm.Admin">
    <skipped/>
  </testcase> <!-- @BeforeMethod login -->
  <testcase name="@AfterMethod closeapp" time="0.0" classname="Orangehrm.Ornagehrm.Admin">
    <skipped/>
  </testcase> <!-- @AfterMethod closeapp -->
  <testcase name="@BeforeMethod login" time="0.0" classname="Orangehrm.Ornagehrm.Admin">
    <skipped/>
  </testcase> <!-- @BeforeMethod login -->
  <testcase name="@AfterMethod closeapp" time="0.0" classname="Orangehrm.Ornagehrm.Admin">
    <skipped/>
  </testcase> <!-- @AfterMethod closeapp -->
  <testcase name="@BeforeMethod login" time="0.0" classname="Orangehrm.Ornagehrm.Admin">
    <skipped/>
  </testcase> <!-- @BeforeMethod login -->
  <testcase name="@AfterMethod closeapp" time="0.0" classname="Orangehrm.Ornagehrm.Admin">
    <skipped/>
  </testcase> <!-- @AfterMethod closeapp -->
  <testcase name="@BeforeMethod login" time="0.0" classname="Orangehrm.Ornagehrm.Admin">
    <skipped/>
  </testcase> <!-- @BeforeMethod login -->
  <testcase name="@AfterMethod closeapp" time="0.0" classname="Orangehrm.Ornagehrm.Admin">
    <skipped/>
  </testcase> <!-- @AfterMethod closeapp -->
  <testcase name="@BeforeMethod login" time="0.0" classname="Orangehrm.Ornagehrm.Admin">
    <skipped/>
  </testcase> <!-- @BeforeMethod login -->
  <testcase name="@AfterMethod closeapp" time="0.0" classname="Orangehrm.Ornagehrm.Admin">
    <skipped/>
  </testcase> <!-- @AfterMethod closeapp -->
  <testcase name="@BeforeMethod login" time="0.0" classname="Orangehrm.Ornagehrm.Admin">
    <skipped/>
  </testcase> <!-- @BeforeMethod login -->
  <testcase name="@AfterMethod closeapp" time="0.0" classname="Orangehrm.Ornagehrm.Admin">
    <skipped/>
  </testcase> <!-- @AfterMethod closeapp -->
  <testcase name="ConfigurationEmailConfig" time="0.019" classname="Orangehrm.Ornagehrm.Admin">
    <failure type="java.lang.NullPointerException">
      <![CDATA[java.lang.NullPointerException
at java.util.Objects.requireNonNull(Objects.java:203)
at org.openqa.selenium.interactions.Actions.<init>(Actions.java:66)
at Orangehrm.Ornagehrm.Admin.ConfigurationEmailConfig(Admin.java:259)
... Removed 25 stack frames]]>
    </failure>
  </testcase> <!-- ConfigurationEmailConfig -->
  <testcase name="ConfigurationEmailSub" time="0.0" classname="Orangehrm.Ornagehrm.Admin">
    <skipped/>
  </testcase> <!-- ConfigurationEmailSub -->
  <testcase name="ConfigurationLocalization" time="0.0" classname="Orangehrm.Ornagehrm.Admin">
    <skipped/>
  </testcase> <!-- ConfigurationLocalization -->
  <testcase name="ConfigurationModules" time="0.0" classname="Orangehrm.Ornagehrm.Admin">
    <skipped/>
  </testcase> <!-- ConfigurationModules -->
  <testcase name="ConfigurationRegisterOAuthClient" time="0.0" classname="Orangehrm.Ornagehrm.Admin">
    <skipped/>
  </testcase> <!-- ConfigurationRegisterOAuthClient -->
  <testcase name="ConfigurationSocialMediaAuthentication" time="0.0" classname="Orangehrm.Ornagehrm.Admin">
    <skipped/>
  </testcase> <!-- ConfigurationSocialMediaAuthentication -->
  <testcase name="Nationalities" time="0.0" classname="Orangehrm.Ornagehrm.Admin">
    <skipped/>
  </testcase> <!-- Nationalities -->
  <testcase name="OrgLocations" time="0.0" classname="Orangehrm.Ornagehrm.Admin">
    <skipped/>
  </testcase> <!-- OrgLocations -->
  <testcase name="OrgStructure" time="0.0" classname="Orangehrm.Ornagehrm.Admin">
    <skipped/>
  </testcase> <!-- OrgStructure -->
  <testcase name="Orginformation" time="0.001" classname="Orangehrm.Ornagehrm.Admin">
    <skipped/>
  </testcase> <!-- Orginformation -->
  <testcase name="QualificationsEducation" time="0.0" classname="Orangehrm.Ornagehrm.Admin">
    <skipped/>
  </testcase> <!-- QualificationsEducation -->
  <testcase name="QualificationsLanguages" time="0.0" classname="Orangehrm.Ornagehrm.Admin">
    <skipped/>
  </testcase> <!-- QualificationsLanguages -->
  <testcase name="QualificationsLicenses" time="0.0" classname="Orangehrm.Ornagehrm.Admin">
    <skipped/>
  </testcase> <!-- QualificationsLicenses -->
  <testcase name="QualificationsMembership" time="0.0" classname="Orangehrm.Ornagehrm.Admin">
    <skipped/>
  </testcase> <!-- QualificationsMembership -->
  <testcase name="Qualificationsskills" time="0.0" classname="Orangehrm.Ornagehrm.Admin">
    <skipped/>
  </testcase> <!-- Qualificationsskills -->
  <testcase name="admin" time="0.0" classname="Orangehrm.Ornagehrm.Admin">
    <skipped/>
  </testcase> <!-- admin -->
  <testcase name="job" time="0.0" classname="Orangehrm.Ornagehrm.Admin">
    <skipped/>
  </testcase> <!-- job -->
  <testcase name="jobEmpstatus" time="0.0" classname="Orangehrm.Ornagehrm.Admin">
    <skipped/>
  </testcase> <!-- jobEmpstatus -->
  <testcase name="jobWorkshift" time="0.0" classname="Orangehrm.Ornagehrm.Admin">
    <skipped/>
  </testcase> <!-- jobWorkshift -->
  <testcase name="jobcategoires" time="0.0" classname="Orangehrm.Ornagehrm.Admin">
    <skipped/>
  </testcase> <!-- jobcategoires -->
  <testcase name="jobpaygrades" time="0.0" classname="Orangehrm.Ornagehrm.Admin">
    <skipped/>
  </testcase> <!-- jobpaygrades -->
</testsuite> <!-- Groups -->
