<?xml version="1.0" encoding="UTF-8"?>
<testng-results skipped="0" failed="1" ignored="0" total="21" passed="20">
  <reporter-output>
  </reporter-output>
  <suite name="Default suite" duration-ms="681389" started-at="2018-09-26T09:25:48Z" finished-at="2018-09-26T09:37:09Z">
    <groups>
    </groups>
    <test name="Default test" duration-ms="681389" started-at="2018-09-26T09:25:48Z" finished-at="2018-09-26T09:37:09Z">
      <class name="Orangehrm.Ornagehrm.Admin">
        <test-method status="PASS" signature="login()[pri:0, instance:Orangehrm.Ornagehrm.Admin@7a3d45bd]" name="login" is-config="true" duration-ms="14424" started-at="2018-09-26T09:25:48Z" finished-at="2018-09-26T09:26:02Z">
          <reporter-output>
          </reporter-output>
        </test-method> <!-- login -->
        <test-method status="PASS" signature="ConfigurationEmailConfig()[pri:0, instance:Orangehrm.Ornagehrm.Admin@7a3d45bd]" name="ConfigurationEmailConfig" duration-ms="9362" started-at="2018-09-26T09:26:02Z" finished-at="2018-09-26T09:26:12Z">
          <reporter-output>
          </reporter-output>
        </test-method> <!-- ConfigurationEmailConfig -->
        <test-method status="PASS" signature="closeapp()[pri:0, instance:Orangehrm.Ornagehrm.Admin@7a3d45bd]" name="closeapp" is-config="true" duration-ms="3621" started-at="2018-09-26T09:26:12Z" finished-at="2018-09-26T09:26:15Z">
          <reporter-output>
          </reporter-output>
        </test-method> <!-- closeapp -->
        <test-method status="PASS" signature="login()[pri:0, instance:Orangehrm.Ornagehrm.Admin@7a3d45bd]" name="login" is-config="true" duration-ms="13741" started-at="2018-09-26T09:26:15Z" finished-at="2018-09-26T09:26:29Z">
          <reporter-output>
          </reporter-output>
        </test-method> <!-- login -->
        <test-method status="PASS" signature="ConfigurationEmailSub()[pri:0, instance:Orangehrm.Ornagehrm.Admin@7a3d45bd]" name="ConfigurationEmailSub" duration-ms="8590" started-at="2018-09-26T09:26:29Z" finished-at="2018-09-26T09:26:38Z">
          <reporter-output>
          </reporter-output>
        </test-method> <!-- ConfigurationEmailSub -->
        <test-method status="PASS" signature="closeapp()[pri:0, instance:Orangehrm.Ornagehrm.Admin@7a3d45bd]" name="closeapp" is-config="true" duration-ms="3604" started-at="2018-09-26T09:26:38Z" finished-at="2018-09-26T09:26:41Z">
          <reporter-output>
          </reporter-output>
        </test-method> <!-- closeapp -->
        <test-method status="PASS" signature="login()[pri:0, instance:Orangehrm.Ornagehrm.Admin@7a3d45bd]" name="login" is-config="true" duration-ms="13798" started-at="2018-09-26T09:26:41Z" finished-at="2018-09-26T09:26:55Z">
          <reporter-output>
          </reporter-output>
        </test-method> <!-- login -->
        <test-method status="PASS" signature="ConfigurationLocalization()[pri:0, instance:Orangehrm.Ornagehrm.Admin@7a3d45bd]" name="ConfigurationLocalization" duration-ms="12634" started-at="2018-09-26T09:26:55Z" finished-at="2018-09-26T09:27:08Z">
          <reporter-output>
          </reporter-output>
        </test-method> <!-- ConfigurationLocalization -->
        <test-method status="PASS" signature="closeapp()[pri:0, instance:Orangehrm.Ornagehrm.Admin@7a3d45bd]" name="closeapp" is-config="true" duration-ms="3595" started-at="2018-09-26T09:27:08Z" finished-at="2018-09-26T09:27:11Z">
          <reporter-output>
          </reporter-output>
        </test-method> <!-- closeapp -->
        <test-method status="PASS" signature="login()[pri:0, instance:Orangehrm.Ornagehrm.Admin@7a3d45bd]" name="login" is-config="true" duration-ms="13481" started-at="2018-09-26T09:27:11Z" finished-at="2018-09-26T09:27:25Z">
          <reporter-output>
          </reporter-output>
        </test-method> <!-- login -->
        <test-method status="PASS" signature="ConfigurationModules()[pri:0, instance:Orangehrm.Ornagehrm.Admin@7a3d45bd]" name="ConfigurationModules" duration-ms="8397" started-at="2018-09-26T09:27:25Z" finished-at="2018-09-26T09:27:33Z">
          <reporter-output>
          </reporter-output>
        </test-method> <!-- ConfigurationModules -->
        <test-method status="PASS" signature="closeapp()[pri:0, instance:Orangehrm.Ornagehrm.Admin@7a3d45bd]" name="closeapp" is-config="true" duration-ms="3635" started-at="2018-09-26T09:27:33Z" finished-at="2018-09-26T09:27:37Z">
          <reporter-output>
          </reporter-output>
        </test-method> <!-- closeapp -->
        <test-method status="PASS" signature="login()[pri:0, instance:Orangehrm.Ornagehrm.Admin@7a3d45bd]" name="login" is-config="true" duration-ms="13673" started-at="2018-09-26T09:27:37Z" finished-at="2018-09-26T09:27:50Z">
          <reporter-output>
          </reporter-output>
        </test-method> <!-- login -->
        <test-method status="PASS" signature="ConfigurationRegisterOAuthClient()[pri:0, instance:Orangehrm.Ornagehrm.Admin@7a3d45bd]" name="ConfigurationRegisterOAuthClient" duration-ms="29202" started-at="2018-09-26T09:27:50Z" finished-at="2018-09-26T09:28:20Z">
          <reporter-output>
          </reporter-output>
        </test-method> <!-- ConfigurationRegisterOAuthClient -->
        <test-method status="PASS" signature="closeapp()[pri:0, instance:Orangehrm.Ornagehrm.Admin@7a3d45bd]" name="closeapp" is-config="true" duration-ms="3000" started-at="2018-09-26T09:28:20Z" finished-at="2018-09-26T09:28:23Z">
          <reporter-output>
          </reporter-output>
        </test-method> <!-- closeapp -->
        <test-method status="PASS" signature="login()[pri:0, instance:Orangehrm.Ornagehrm.Admin@7a3d45bd]" name="login" is-config="true" duration-ms="13480" started-at="2018-09-26T09:28:23Z" finished-at="2018-09-26T09:28:36Z">
          <reporter-output>
          </reporter-output>
        </test-method> <!-- login -->
        <test-method status="PASS" signature="ConfigurationSocialMediaAuthentication()[pri:0, instance:Orangehrm.Ornagehrm.Admin@7a3d45bd]" name="ConfigurationSocialMediaAuthentication" duration-ms="19160" started-at="2018-09-26T09:28:36Z" finished-at="2018-09-26T09:28:55Z">
          <reporter-output>
          </reporter-output>
        </test-method> <!-- ConfigurationSocialMediaAuthentication -->
        <test-method status="PASS" signature="closeapp()[pri:0, instance:Orangehrm.Ornagehrm.Admin@7a3d45bd]" name="closeapp" is-config="true" duration-ms="3628" started-at="2018-09-26T09:28:55Z" finished-at="2018-09-26T09:28:59Z">
          <reporter-output>
          </reporter-output>
        </test-method> <!-- closeapp -->
        <test-method status="PASS" signature="login()[pri:0, instance:Orangehrm.Ornagehrm.Admin@7a3d45bd]" name="login" is-config="true" duration-ms="13818" started-at="2018-09-26T09:28:59Z" finished-at="2018-09-26T09:29:13Z">
          <reporter-output>
          </reporter-output>
        </test-method> <!-- login -->
        <test-method status="PASS" signature="Nationalities()[pri:0, instance:Orangehrm.Ornagehrm.Admin@7a3d45bd]" name="Nationalities" duration-ms="13377" started-at="2018-09-26T09:29:13Z" finished-at="2018-09-26T09:29:26Z">
          <reporter-output>
          </reporter-output>
        </test-method> <!-- Nationalities -->
        <test-method status="PASS" signature="closeapp()[pri:0, instance:Orangehrm.Ornagehrm.Admin@7a3d45bd]" name="closeapp" is-config="true" duration-ms="3611" started-at="2018-09-26T09:29:26Z" finished-at="2018-09-26T09:29:30Z">
          <reporter-output>
          </reporter-output>
        </test-method> <!-- closeapp -->
        <test-method status="PASS" signature="login()[pri:0, instance:Orangehrm.Ornagehrm.Admin@7a3d45bd]" name="login" is-config="true" duration-ms="13643" started-at="2018-09-26T09:29:30Z" finished-at="2018-09-26T09:29:43Z">
          <reporter-output>
          </reporter-output>
        </test-method> <!-- login -->
        <test-method status="PASS" signature="OrgLocations()[pri:0, instance:Orangehrm.Ornagehrm.Admin@7a3d45bd]" name="OrgLocations" duration-ms="18844" started-at="2018-09-26T09:29:43Z" finished-at="2018-09-26T09:30:02Z">
          <reporter-output>
          </reporter-output>
        </test-method> <!-- OrgLocations -->
        <test-method status="PASS" signature="closeapp()[pri:0, instance:Orangehrm.Ornagehrm.Admin@7a3d45bd]" name="closeapp" is-config="true" duration-ms="3607" started-at="2018-09-26T09:30:02Z" finished-at="2018-09-26T09:30:06Z">
          <reporter-output>
          </reporter-output>
        </test-method> <!-- closeapp -->
        <test-method status="PASS" signature="login()[pri:0, instance:Orangehrm.Ornagehrm.Admin@7a3d45bd]" name="login" is-config="true" duration-ms="15200" started-at="2018-09-26T09:30:06Z" finished-at="2018-09-26T09:30:21Z">
          <reporter-output>
          </reporter-output>
        </test-method> <!-- login -->
        <test-method status="PASS" signature="OrgStructure()[pri:0, instance:Orangehrm.Ornagehrm.Admin@7a3d45bd]" name="OrgStructure" duration-ms="17202" started-at="2018-09-26T09:30:21Z" finished-at="2018-09-26T09:30:38Z">
          <reporter-output>
          </reporter-output>
        </test-method> <!-- OrgStructure -->
        <test-method status="PASS" signature="closeapp()[pri:0, instance:Orangehrm.Ornagehrm.Admin@7a3d45bd]" name="closeapp" is-config="true" duration-ms="3597" started-at="2018-09-26T09:30:38Z" finished-at="2018-09-26T09:30:42Z">
          <reporter-output>
          </reporter-output>
        </test-method> <!-- closeapp -->
        <test-method status="PASS" signature="login()[pri:0, instance:Orangehrm.Ornagehrm.Admin@7a3d45bd]" name="login" is-config="true" duration-ms="13056" started-at="2018-09-26T09:30:42Z" finished-at="2018-09-26T09:30:55Z">
          <reporter-output>
          </reporter-output>
        </test-method> <!-- login -->
        <test-method status="FAIL" signature="Orginformation()[pri:0, instance:Orangehrm.Ornagehrm.Admin@7a3d45bd]" name="Orginformation" duration-ms="6055" started-at="2018-09-26T09:30:55Z" finished-at="2018-09-26T09:31:01Z">
          <exception class="org.openqa.selenium.WebDriverException">
            <message>
              <![CDATA[chrome not reachable
  (Session info: chrome=68.0.3440.75)
  (Driver info: chromedriver=2.41.578737 (49da6702b16031c40d63e5618de03a32ff6c197e),platform=Windows NT 6.1.7600 x86_64) (WARNING: The server did not provide any stacktrace information)
Command duration or timeout: 0 milliseconds
Build info: version: '3.14.0', revision: 'aacccce0', time: '2018-08-02T20:19:58.91Z'
System info: host: 'SYSTEM8-PC', ip: '192.168.0.102', os.name: 'Windows 7', os.arch: 'amd64', os.version: '6.1', java.version: '1.8.0_151'
Driver info: org.openqa.selenium.chrome.ChromeDriver
Capabilities {acceptInsecureCerts: false, acceptSslCerts: false, applicationCacheEnabled: false, browserConnectionEnabled: false, browserName: chrome, chrome: {chromedriverVersion: 2.41.578737 (49da6702b16031..., userDataDir: C:\Users\system8\AppData\Lo...}, cssSelectorsEnabled: true, databaseEnabled: false, goog:chromeOptions: {debuggerAddress: localhost:59038}, handlesAlerts: true, hasTouchScreen: false, javascriptEnabled: true, locationContextEnabled: true, mobileEmulationEnabled: false, nativeEvents: true, networkConnectionEnabled: false, pageLoadStrategy: normal, platform: XP, platformName: XP, rotatable: false, setWindowRect: true, takesHeapSnapshot: true, takesScreenshot: true, unexpectedAlertBehaviour: , unhandledPromptBehavior: , version: 68.0.3440.75, webStorageEnabled: true}
Session ID: 85c3a0ac5aa784f374014a408a35d27c
*** Element info: {Using=id, value=menu_admin_viewAdminModule}]]>
            </message>
            <full-stacktrace>
              <![CDATA[org.openqa.selenium.WebDriverException: chrome not reachable
  (Session info: chrome=68.0.3440.75)
  (Driver info: chromedriver=2.41.578737 (49da6702b16031c40d63e5618de03a32ff6c197e),platform=Windows NT 6.1.7600 x86_64) (WARNING: The server did not provide any stacktrace information)
Command duration or timeout: 0 milliseconds
Build info: version: '3.14.0', revision: 'aacccce0', time: '2018-08-02T20:19:58.91Z'
System info: host: 'SYSTEM8-PC', ip: '192.168.0.102', os.name: 'Windows 7', os.arch: 'amd64', os.version: '6.1', java.version: '1.8.0_151'
Driver info: org.openqa.selenium.chrome.ChromeDriver
Capabilities {acceptInsecureCerts: false, acceptSslCerts: false, applicationCacheEnabled: false, browserConnectionEnabled: false, browserName: chrome, chrome: {chromedriverVersion: 2.41.578737 (49da6702b16031..., userDataDir: C:\Users\system8\AppData\Lo...}, cssSelectorsEnabled: true, databaseEnabled: false, goog:chromeOptions: {debuggerAddress: localhost:59038}, handlesAlerts: true, hasTouchScreen: false, javascriptEnabled: true, locationContextEnabled: true, mobileEmulationEnabled: false, nativeEvents: true, networkConnectionEnabled: false, pageLoadStrategy: normal, platform: XP, platformName: XP, rotatable: false, setWindowRect: true, takesHeapSnapshot: true, takesScreenshot: true, unexpectedAlertBehaviour: , unhandledPromptBehavior: , version: 68.0.3440.75, webStorageEnabled: true}
Session ID: 85c3a0ac5aa784f374014a408a35d27c
*** Element info: {Using=id, value=menu_admin_viewAdminModule}
at sun.reflect.NativeConstructorAccessorImpl.newInstance0(Native Method)
at sun.reflect.NativeConstructorAccessorImpl.newInstance(NativeConstructorAccessorImpl.java:62)
at sun.reflect.DelegatingConstructorAccessorImpl.newInstance(DelegatingConstructorAccessorImpl.java:45)
at java.lang.reflect.Constructor.newInstance(Constructor.java:423)
at org.openqa.selenium.remote.ErrorHandler.createThrowable(ErrorHandler.java:214)
at org.openqa.selenium.remote.ErrorHandler.throwIfResponseFailed(ErrorHandler.java:166)
at org.openqa.selenium.remote.http.JsonHttpResponseCodec.reconstructValue(JsonHttpResponseCodec.java:40)
at org.openqa.selenium.remote.http.AbstractHttpResponseCodec.decode(AbstractHttpResponseCodec.java:80)
at org.openqa.selenium.remote.http.AbstractHttpResponseCodec.decode(AbstractHttpResponseCodec.java:44)
at org.openqa.selenium.remote.HttpCommandExecutor.execute(HttpCommandExecutor.java:158)
at org.openqa.selenium.remote.service.DriverCommandExecutor.execute(DriverCommandExecutor.java:83)
at org.openqa.selenium.remote.RemoteWebDriver.execute(RemoteWebDriver.java:548)
at org.openqa.selenium.remote.RemoteWebDriver.findElement(RemoteWebDriver.java:322)
at org.openqa.selenium.remote.RemoteWebDriver.findElementById(RemoteWebDriver.java:368)
at org.openqa.selenium.By$ById.findElement(By.java:188)
at org.openqa.selenium.remote.RemoteWebDriver.findElement(RemoteWebDriver.java:314)
at Orangehrm.Ornagehrm.Admin.Orginformation(Admin.java:193)
at sun.reflect.NativeMethodAccessorImpl.invoke0(Native Method)
at sun.reflect.NativeMethodAccessorImpl.invoke(NativeMethodAccessorImpl.java:62)
at sun.reflect.DelegatingMethodAccessorImpl.invoke(DelegatingMethodAccessorImpl.java:43)
at java.lang.reflect.Method.invoke(Method.java:498)
at org.testng.internal.MethodInvocationHelper.invokeMethod(MethodInvocationHelper.java:124)
at org.testng.internal.Invoker.invokeMethod(Invoker.java:583)
at org.testng.internal.Invoker.invokeTestMethod(Invoker.java:719)
at org.testng.internal.Invoker.invokeTestMethods(Invoker.java:989)
at org.testng.internal.TestMethodWorker.invokeTestMethods(TestMethodWorker.java:125)
at org.testng.internal.TestMethodWorker.run(TestMethodWorker.java:109)
at org.testng.TestRunner.privateRun(TestRunner.java:648)
at org.testng.TestRunner.run(TestRunner.java:505)
at org.testng.SuiteRunner.runTest(SuiteRunner.java:455)
at org.testng.SuiteRunner.runSequentially(SuiteRunner.java:450)
at org.testng.SuiteRunner.privateRun(SuiteRunner.java:415)
at org.testng.SuiteRunner.run(SuiteRunner.java:364)
at org.testng.SuiteRunnerWorker.runSuite(SuiteRunnerWorker.java:52)
at org.testng.SuiteRunnerWorker.run(SuiteRunnerWorker.java:84)
at org.testng.TestNG.runSuitesSequentially(TestNG.java:1208)
at org.testng.TestNG.runSuitesLocally(TestNG.java:1137)
at org.testng.TestNG.runSuites(TestNG.java:1049)
at org.testng.TestNG.run(TestNG.java:1017)
at org.testng.remote.AbstractRemoteTestNG.run(AbstractRemoteTestNG.java:114)
at org.testng.remote.RemoteTestNG.initAndRun(RemoteTestNG.java:251)
at org.testng.remote.RemoteTestNG.main(RemoteTestNG.java:77)
]]>
            </full-stacktrace>
          </exception> <!-- org.openqa.selenium.WebDriverException -->
          <reporter-output>
          </reporter-output>
        </test-method> <!-- Orginformation -->
        <test-method status="PASS" signature="closeapp()[pri:0, instance:Orangehrm.Ornagehrm.Admin@7a3d45bd]" name="closeapp" is-config="true" duration-ms="3547" started-at="2018-09-26T09:31:01Z" finished-at="2018-09-26T09:31:04Z">
          <reporter-output>
          </reporter-output>
        </test-method> <!-- closeapp -->
        <test-method status="PASS" signature="login()[pri:0, instance:Orangehrm.Ornagehrm.Admin@7a3d45bd]" name="login" is-config="true" duration-ms="13541" started-at="2018-09-26T09:31:04Z" finished-at="2018-09-26T09:31:18Z">
          <reporter-output>
          </reporter-output>
        </test-method> <!-- login -->
        <test-method status="PASS" signature="QualificationsEducation()[pri:0, instance:Orangehrm.Ornagehrm.Admin@7a3d45bd]" name="QualificationsEducation" duration-ms="9972" started-at="2018-09-26T09:31:18Z" finished-at="2018-09-26T09:31:28Z">
          <reporter-output>
          </reporter-output>
        </test-method> <!-- QualificationsEducation -->
        <test-method status="PASS" signature="closeapp()[pri:0, instance:Orangehrm.Ornagehrm.Admin@7a3d45bd]" name="closeapp" is-config="true" duration-ms="3638" started-at="2018-09-26T09:31:28Z" finished-at="2018-09-26T09:31:32Z">
          <reporter-output>
          </reporter-output>
        </test-method> <!-- closeapp -->
        <test-method status="PASS" signature="login()[pri:0, instance:Orangehrm.Ornagehrm.Admin@7a3d45bd]" name="login" is-config="true" duration-ms="13312" started-at="2018-09-26T09:31:32Z" finished-at="2018-09-26T09:31:45Z">
          <reporter-output>
          </reporter-output>
        </test-method> <!-- login -->
        <test-method status="PASS" signature="QualificationsLanguages()[pri:0, instance:Orangehrm.Ornagehrm.Admin@7a3d45bd]" name="QualificationsLanguages" duration-ms="12912" started-at="2018-09-26T09:31:45Z" finished-at="2018-09-26T09:31:58Z">
          <reporter-output>
          </reporter-output>
        </test-method> <!-- QualificationsLanguages -->
        <test-method status="PASS" signature="closeapp()[pri:0, instance:Orangehrm.Ornagehrm.Admin@7a3d45bd]" name="closeapp" is-config="true" duration-ms="3603" started-at="2018-09-26T09:31:58Z" finished-at="2018-09-26T09:32:01Z">
          <reporter-output>
          </reporter-output>
        </test-method> <!-- closeapp -->
        <test-method status="PASS" signature="login()[pri:0, instance:Orangehrm.Ornagehrm.Admin@7a3d45bd]" name="login" is-config="true" duration-ms="17367" started-at="2018-09-26T09:32:01Z" finished-at="2018-09-26T09:32:19Z">
          <reporter-output>
          </reporter-output>
        </test-method> <!-- login -->
        <test-method status="PASS" signature="QualificationsLicenses()[pri:0, instance:Orangehrm.Ornagehrm.Admin@7a3d45bd]" name="QualificationsLicenses" duration-ms="14008" started-at="2018-09-26T09:32:19Z" finished-at="2018-09-26T09:32:33Z">
          <reporter-output>
          </reporter-output>
        </test-method> <!-- QualificationsLicenses -->
        <test-method status="PASS" signature="closeapp()[pri:0, instance:Orangehrm.Ornagehrm.Admin@7a3d45bd]" name="closeapp" is-config="true" duration-ms="3694" started-at="2018-09-26T09:32:33Z" finished-at="2018-09-26T09:32:36Z">
          <reporter-output>
          </reporter-output>
        </test-method> <!-- closeapp -->
        <test-method status="PASS" signature="login()[pri:0, instance:Orangehrm.Ornagehrm.Admin@7a3d45bd]" name="login" is-config="true" duration-ms="14147" started-at="2018-09-26T09:32:36Z" finished-at="2018-09-26T09:32:51Z">
          <reporter-output>
          </reporter-output>
        </test-method> <!-- login -->
        <test-method status="PASS" signature="QualificationsMembership()[pri:0, instance:Orangehrm.Ornagehrm.Admin@7a3d45bd]" name="QualificationsMembership" duration-ms="12805" started-at="2018-09-26T09:32:51Z" finished-at="2018-09-26T09:33:03Z">
          <reporter-output>
          </reporter-output>
        </test-method> <!-- QualificationsMembership -->
        <test-method status="PASS" signature="closeapp()[pri:0, instance:Orangehrm.Ornagehrm.Admin@7a3d45bd]" name="closeapp" is-config="true" duration-ms="3601" started-at="2018-09-26T09:33:03Z" finished-at="2018-09-26T09:33:07Z">
          <reporter-output>
          </reporter-output>
        </test-method> <!-- closeapp -->
        <test-method status="PASS" signature="login()[pri:0, instance:Orangehrm.Ornagehrm.Admin@7a3d45bd]" name="login" is-config="true" duration-ms="13973" started-at="2018-09-26T09:33:07Z" finished-at="2018-09-26T09:33:21Z">
          <reporter-output>
          </reporter-output>
        </test-method> <!-- login -->
        <test-method status="PASS" signature="Qualificationsskills()[pri:0, instance:Orangehrm.Ornagehrm.Admin@7a3d45bd]" name="Qualificationsskills" duration-ms="9122" started-at="2018-09-26T09:33:21Z" finished-at="2018-09-26T09:33:30Z">
          <reporter-output>
          </reporter-output>
        </test-method> <!-- Qualificationsskills -->
        <test-method status="PASS" signature="closeapp()[pri:0, instance:Orangehrm.Ornagehrm.Admin@7a3d45bd]" name="closeapp" is-config="true" duration-ms="3595" started-at="2018-09-26T09:33:30Z" finished-at="2018-09-26T09:33:34Z">
          <reporter-output>
          </reporter-output>
        </test-method> <!-- closeapp -->
        <test-method status="PASS" signature="login()[pri:0, instance:Orangehrm.Ornagehrm.Admin@7a3d45bd]" name="login" is-config="true" duration-ms="15398" started-at="2018-09-26T09:33:34Z" finished-at="2018-09-26T09:33:49Z">
          <reporter-output>
          </reporter-output>
        </test-method> <!-- login -->
        <test-method status="PASS" signature="admin()[pri:0, instance:Orangehrm.Ornagehrm.Admin@7a3d45bd]" name="admin" duration-ms="20245" started-at="2018-09-26T09:33:49Z" finished-at="2018-09-26T09:34:09Z">
          <reporter-output>
          </reporter-output>
        </test-method> <!-- admin -->
        <test-method status="PASS" signature="closeapp()[pri:0, instance:Orangehrm.Ornagehrm.Admin@7a3d45bd]" name="closeapp" is-config="true" duration-ms="3517" started-at="2018-09-26T09:34:09Z" finished-at="2018-09-26T09:34:13Z">
          <reporter-output>
          </reporter-output>
        </test-method> <!-- closeapp -->
        <test-method status="PASS" signature="login()[pri:0, instance:Orangehrm.Ornagehrm.Admin@7a3d45bd]" name="login" is-config="true" duration-ms="14527" started-at="2018-09-26T09:34:13Z" finished-at="2018-09-26T09:34:27Z">
          <reporter-output>
          </reporter-output>
        </test-method> <!-- login -->
        <test-method status="PASS" signature="job()[pri:0, instance:Orangehrm.Ornagehrm.Admin@7a3d45bd]" name="job" duration-ms="10905" started-at="2018-09-26T09:34:27Z" finished-at="2018-09-26T09:34:38Z">
          <reporter-output>
          </reporter-output>
        </test-method> <!-- job -->
        <test-method status="PASS" signature="closeapp()[pri:0, instance:Orangehrm.Ornagehrm.Admin@7a3d45bd]" name="closeapp" is-config="true" duration-ms="3515" started-at="2018-09-26T09:34:38Z" finished-at="2018-09-26T09:34:42Z">
          <reporter-output>
          </reporter-output>
        </test-method> <!-- closeapp -->
        <test-method status="PASS" signature="login()[pri:0, instance:Orangehrm.Ornagehrm.Admin@7a3d45bd]" name="login" is-config="true" duration-ms="14226" started-at="2018-09-26T09:34:42Z" finished-at="2018-09-26T09:34:56Z">
          <reporter-output>
          </reporter-output>
        </test-method> <!-- login -->
        <test-method status="PASS" signature="jobEmpstatus()[pri:0, instance:Orangehrm.Ornagehrm.Admin@7a3d45bd]" name="jobEmpstatus" duration-ms="20992" started-at="2018-09-26T09:34:56Z" finished-at="2018-09-26T09:35:17Z">
          <reporter-output>
          </reporter-output>
        </test-method> <!-- jobEmpstatus -->
        <test-method status="PASS" signature="closeapp()[pri:0, instance:Orangehrm.Ornagehrm.Admin@7a3d45bd]" name="closeapp" is-config="true" duration-ms="3616" started-at="2018-09-26T09:35:17Z" finished-at="2018-09-26T09:35:21Z">
          <reporter-output>
          </reporter-output>
        </test-method> <!-- closeapp -->
        <test-method status="PASS" signature="login()[pri:0, instance:Orangehrm.Ornagehrm.Admin@7a3d45bd]" name="login" is-config="true" duration-ms="13868" started-at="2018-09-26T09:35:21Z" finished-at="2018-09-26T09:35:35Z">
          <reporter-output>
          </reporter-output>
        </test-method> <!-- login -->
        <test-method status="PASS" signature="jobWorkshift()[pri:0, instance:Orangehrm.Ornagehrm.Admin@7a3d45bd]" name="jobWorkshift" duration-ms="30016" started-at="2018-09-26T09:35:35Z" finished-at="2018-09-26T09:36:05Z">
          <reporter-output>
          </reporter-output>
        </test-method> <!-- jobWorkshift -->
        <test-method status="PASS" signature="closeapp()[pri:0, instance:Orangehrm.Ornagehrm.Admin@7a3d45bd]" name="closeapp" is-config="true" duration-ms="3598" started-at="2018-09-26T09:36:05Z" finished-at="2018-09-26T09:36:08Z">
          <reporter-output>
          </reporter-output>
        </test-method> <!-- closeapp -->
        <test-method status="PASS" signature="login()[pri:0, instance:Orangehrm.Ornagehrm.Admin@7a3d45bd]" name="login" is-config="true" duration-ms="14254" started-at="2018-09-26T09:36:08Z" finished-at="2018-09-26T09:36:22Z">
          <reporter-output>
          </reporter-output>
        </test-method> <!-- login -->
        <test-method status="PASS" signature="jobcategoires()[pri:0, instance:Orangehrm.Ornagehrm.Admin@7a3d45bd]" name="jobcategoires" duration-ms="12952" started-at="2018-09-26T09:36:22Z" finished-at="2018-09-26T09:36:35Z">
          <reporter-output>
          </reporter-output>
        </test-method> <!-- jobcategoires -->
        <test-method status="PASS" signature="closeapp()[pri:0, instance:Orangehrm.Ornagehrm.Admin@7a3d45bd]" name="closeapp" is-config="true" duration-ms="3608" started-at="2018-09-26T09:36:35Z" finished-at="2018-09-26T09:36:39Z">
          <reporter-output>
          </reporter-output>
        </test-method> <!-- closeapp -->
        <test-method status="PASS" signature="login()[pri:0, instance:Orangehrm.Ornagehrm.Admin@7a3d45bd]" name="login" is-config="true" duration-ms="14249" started-at="2018-09-26T09:36:39Z" finished-at="2018-09-26T09:36:53Z">
          <reporter-output>
          </reporter-output>
        </test-method> <!-- login -->
        <test-method status="PASS" signature="jobpaygrades()[pri:0, instance:Orangehrm.Ornagehrm.Admin@7a3d45bd]" name="jobpaygrades" duration-ms="12421" started-at="2018-09-26T09:36:53Z" finished-at="2018-09-26T09:37:06Z">
          <reporter-output>
          </reporter-output>
        </test-method> <!-- jobpaygrades -->
        <test-method status="PASS" signature="closeapp()[pri:0, instance:Orangehrm.Ornagehrm.Admin@7a3d45bd]" name="closeapp" is-config="true" duration-ms="3516" started-at="2018-09-26T09:37:06Z" finished-at="2018-09-26T09:37:09Z">
          <reporter-output>
          </reporter-output>
        </test-method> <!-- closeapp -->
      </class> <!-- Orangehrm.Ornagehrm.Admin -->
    </test> <!-- Default test -->
  </suite> <!-- Default suite -->
</testng-results>
